Linea: 14 Error no se encontro ningun modo de direccionamiento
Linea: 15 Error no se encontro ningun modo de direccionamiento
Linea: 16 Error el modo de Direccionamiento no es valido
Linea: 19 Error no se encontro ningun modo de direccionamiento
Linea: 21 Error no se encontro ningun modo de direccionamiento
Linea: 24 Error no se encontro ningun modo de direccionamiento
Linea: 29 Error no se encontro ningun modo de direccionamiento
Linea: 34 Error no se encontro ningun modo de direccionamiento
Linea: 39 Error el modo de Direccionamiento no es valido
Linea: 41 Error no se encontro ningun modo de direccionamiento
Linea: 45 Error no se encontro ningun modo de direccionamiento
Linea: 46 Error no se encontro ningun modo de direccionamiento
Linea: 49 Error no se encontro ningun modo de direccionamiento
Linea: 51 Error no se encontro ningun modo de direccionamiento
Linea: 71 Error SBCA no cumple los requerimientos contiene: #@85
Linea: 71 Error no se encontro ningun modo de direccionamiento
Linea: 2 Error codigo no encontrado
Linea: 5 Error la instruccion del codop no debe de tener operando
Linea: 18 Error la instruccion del codop debe de tener operando
Linea: 30 Error codigo no encontrado
Linea: 31 Error codigo no encontrado
Linea: 32 Error codigo no encontrado
Linea: 33 Error no se puede tener tener etiqueta sin codop
Linea: 33 Error codigo no encontrado
Linea: 50 Error codigo no encontrado
Linea: 55 Error codigo no encontrado
Linea: 57 Error codigo no encontrado
Linea: 59 Error codigo no encontrado
Linea: 84 Error codigo no encontrado
