Linea: 7 Error: DC.B no se encontro un valor: 0
Linea: 8 Error:FCB no cumple con el valor requerido (valor actual:80000)
Linea: 10 Error:RMB no cumple con el valor requerido (valor actual:80000)
Linea: 23 Error: DC.W no se encontro un valor: 0
Linea: 24 Error el modo de Direccionamiento no es valido
Linea: 25 Error:FDB no cumple con el valor requerido (valor actual:80000)
Linea: 29 Error:FCC no cumple con el las especificaciones: 0
Linea: 30 Error:FCC no cumple con el las especificaciones: 0
Linea: 31 Error:FCC no cumple con el las especificaciones: 0
Linea: 34 Error: DS.B no se encontro um valor
Linea: 35 Error:RMB no cumple con el valor requerido (valor actual:80000)
Linea: 39 Error: DS.W no se encontro um valor
Linea: 40 Error:RMW no cumple con el valor requerido (valor actual:80000)
Linea: 1 Error la instruccion del codop debe de tener operando
Linea: 6 Error la instruccion del codop debe de tener operando
Linea: 9 Error la instruccion del codop debe de tener operando
Linea: 28 Error la instruccion del codop debe de tener operando
Linea: 32 Error la instruccion del codop debe de tener operando
Linea: 38 Error la instruccion del codop debe de tener operando
Linea: 44 Error no se puede tener tener etiqueta sin codop
Linea: 44 Error codigo no encontrado
